mode: set
bookingmgr/internal/config/config.go:26.13,28.12 2 1
bookingmgr/internal/config/config.go:33.2,33.20 1 1
bookingmgr/internal/config/config.go:28.12,31.3 2 0
bookingmgr/internal/config/config.go:36.34,39.16 3 1
bookingmgr/internal/config/config.go:44.2,45.16 2 1
bookingmgr/internal/config/config.go:50.2,50.12 1 1
bookingmgr/internal/config/config.go:39.16,42.3 2 1
bookingmgr/internal/config/config.go:45.16,48.3 2 0
bookingmgr/internal/data/data.go:45.37,46.15 1 1
bookingmgr/internal/data/data.go:58.2,58.16 1 1
bookingmgr/internal/data/data.go:46.15,47.24 1 1
bookingmgr/internal/data/data.go:51.3,53.17 3 1
bookingmgr/internal/data/data.go:47.24,49.4 1 0
bookingmgr/internal/data/data.go:53.17,54.22 1 0
bookingmgr/internal/data/data.go:61.13,64.2 1 1
bookingmgr/internal/data/data.go:111.49,113.16 2 1
bookingmgr/internal/data/data.go:119.2,120.16 2 1
bookingmgr/internal/data/data.go:123.2,123.15 1 1
bookingmgr/internal/data/data.go:127.2,129.18 2 1
bookingmgr/internal/data/data.go:149.2,149.24 1 1
bookingmgr/internal/data/data.go:154.2,154.22 1 1
bookingmgr/internal/data/data.go:113.16,116.3 2 0
bookingmgr/internal/data/data.go:120.16,122.3 1 1
bookingmgr/internal/data/data.go:123.15,125.3 1 1
bookingmgr/internal/data/data.go:129.18,141.17 3 1
bookingmgr/internal/data/data.go:146.3,146.39 1 1
bookingmgr/internal/data/data.go:141.17,144.4 2 0
bookingmgr/internal/data/data.go:149.24,152.3 2 0
bookingmgr/internal/data/data.go:160.87,162.16 2 1
bookingmgr/internal/data/data.go:168.2,169.16 2 1
bookingmgr/internal/data/data.go:172.2,172.15 1 1
bookingmgr/internal/data/data.go:176.2,178.18 2 1
bookingmgr/internal/data/data.go:194.2,194.20 1 1
bookingmgr/internal/data/data.go:199.2,199.18 1 1
bookingmgr/internal/data/data.go:162.16,165.3 2 0
bookingmgr/internal/data/data.go:169.16,171.3 1 1
bookingmgr/internal/data/data.go:172.15,174.3 1 1
bookingmgr/internal/data/data.go:178.18,186.17 3 1
bookingmgr/internal/data/data.go:191.3,191.27 1 1
bookingmgr/internal/data/data.go:186.17,189.4 2 0
bookingmgr/internal/data/data.go:194.20,197.3 2 0
bookingmgr/internal/data/data.go:204.48,206.16 2 0
bookingmgr/internal/data/data.go:211.2,213.16 3 0
bookingmgr/internal/data/data.go:217.2,218.16 2 0
bookingmgr/internal/data/data.go:224.2,226.16 2 0
bookingmgr/internal/data/data.go:231.2,232.16 2 0
bookingmgr/internal/data/data.go:238.2,239.16 2 0
bookingmgr/internal/data/data.go:244.2,244.12 1 0
bookingmgr/internal/data/data.go:206.16,209.3 2 0
bookingmgr/internal/data/data.go:213.16,216.3 2 0
bookingmgr/internal/data/data.go:218.16,222.3 3 0
bookingmgr/internal/data/data.go:226.16,230.3 3 0
bookingmgr/internal/data/data.go:232.16,236.3 3 0
bookingmgr/internal/data/data.go:239.16,242.3 2 0
bookingmgr/internal/cmd/book_a_cab.go:20.138,24.34 3 1
bookingmgr/internal/cmd/book_a_cab.go:29.2,37.16 3 1
bookingmgr/internal/cmd/book_a_cab.go:41.2,41.21 1 1
bookingmgr/internal/cmd/book_a_cab.go:24.34,26.3 1 0
bookingmgr/internal/cmd/book_a_cab.go:37.16,39.3 1 0
bookingmgr/internal/cmd/book_a_cab.go:47.35,51.2 3 1
bookingmgr/internal/cmd/get_bookings.go:18.63,21.16 2 1
bookingmgr/internal/cmd/get_bookings.go:28.2,28.22 1 1
bookingmgr/internal/cmd/get_bookings.go:21.16,22.30 1 1
bookingmgr/internal/cmd/get_bookings.go:25.3,25.18 1 0
bookingmgr/internal/cmd/get_bookings.go:22.30,24.4 1 1
bookingmgr/internal/cmd/get_cabs.go:19.95,22.16 2 1
bookingmgr/internal/cmd/get_cabs.go:29.2,29.18 1 1
bookingmgr/internal/cmd/get_cabs.go:22.16,23.30 1 0
bookingmgr/internal/cmd/get_cabs.go:26.3,26.18 1 0
bookingmgr/internal/cmd/get_cabs.go:23.30,25.4 1 0
bookingmgr/internal/rest/book_a_cab_api.go:21.69,25.2 1 1
bookingmgr/internal/rest/book_a_cab_api.go:33.92,37.16 2 1
bookingmgr/internal/rest/book_a_cab_api.go:43.2,44.16 2 1
bookingmgr/internal/rest/book_a_cab_api.go:50.2,52.16 2 1
bookingmgr/internal/rest/book_a_cab_api.go:58.2,59.16 2 1
bookingmgr/internal/rest/book_a_cab_api.go:37.16,40.3 2 0
bookingmgr/internal/rest/book_a_cab_api.go:44.16,47.3 2 0
bookingmgr/internal/rest/book_a_cab_api.go:52.16,55.3 2 0
bookingmgr/internal/rest/book_a_cab_api.go:59.16,63.3 3 0
bookingmgr/internal/rest/book_a_cab_api.go:67.92,73.2 4 1
bookingmgr/internal/rest/book_a_cab_api.go:76.75,79.13 3 1
bookingmgr/internal/rest/book_a_cab_api.go:86.2,87.16 2 1
bookingmgr/internal/rest/book_a_cab_api.go:93.2,93.16 1 1
bookingmgr/internal/rest/book_a_cab_api.go:79.13,83.3 3 0
bookingmgr/internal/rest/book_a_cab_api.go:87.16,91.3 3 0
bookingmgr/internal/rest/get_bookings_api.go:26.72,30.2 1 1
bookingmgr/internal/rest/get_bookings_api.go:38.93,42.16 2 1
bookingmgr/internal/rest/get_bookings_api.go:48.2,49.16 2 1
bookingmgr/internal/rest/get_bookings_api.go:55.2,56.16 2 1
bookingmgr/internal/rest/get_bookings_api.go:42.16,45.3 2 1
bookingmgr/internal/rest/get_bookings_api.go:49.16,52.3 2 0
bookingmgr/internal/rest/get_bookings_api.go:56.16,60.3 3 0
bookingmgr/internal/rest/get_bookings_api.go:64.76,67.13 3 1
bookingmgr/internal/rest/get_bookings_api.go:74.2,75.16 2 1
bookingmgr/internal/rest/get_bookings_api.go:81.2,81.16 1 1
bookingmgr/internal/rest/get_bookings_api.go:67.13,71.3 3 1
bookingmgr/internal/rest/get_bookings_api.go:75.16,79.3 3 0
bookingmgr/internal/rest/get_cabs_api.go:20.60,24.2 1 1
bookingmgr/internal/rest/get_cabs_api.go:32.89,35.16 2 1
bookingmgr/internal/rest/get_cabs_api.go:41.2,42.16 2 1
bookingmgr/internal/rest/get_cabs_api.go:48.2,49.16 2 1
bookingmgr/internal/rest/get_cabs_api.go:35.16,38.3 2 1
bookingmgr/internal/rest/get_cabs_api.go:42.16,45.3 2 0
bookingmgr/internal/rest/get_cabs_api.go:49.16,53.3 3 0
bookingmgr/internal/rest/get_cabs_api.go:56.87,59.16 2 1
bookingmgr/internal/rest/get_cabs_api.go:62.2,63.16 2 1
bookingmgr/internal/rest/get_cabs_api.go:70.2,71.17 2 1
bookingmgr/internal/rest/get_cabs_api.go:74.2,75.16 2 1
bookingmgr/internal/rest/get_cabs_api.go:82.2,84.25 3 1
bookingmgr/internal/rest/get_cabs_api.go:88.2,88.47 1 1
bookingmgr/internal/rest/get_cabs_api.go:59.16,61.3 1 0
bookingmgr/internal/rest/get_cabs_api.go:63.16,67.3 3 0
bookingmgr/internal/rest/get_cabs_api.go:71.17,73.3 1 1
bookingmgr/internal/rest/get_cabs_api.go:75.16,79.3 3 0
bookingmgr/internal/rest/get_cabs_api.go:84.25,86.3 1 1
bookingmgr/internal/rest/server.go:20.45,29.2 5 0
bookingmgr/internal/rest/server.go:32.129,39.2 1 0
bookingmgr/internal/rest/server.go:42.47,52.12 3 0
bookingmgr/internal/rest/server.go:59.2,59.31 1 0
bookingmgr/internal/rest/server.go:52.12,57.3 2 0
